{"level":"error","message":"Wed Jan 01 2025 23:27:46 GMT+0530 (India Standard Time)-{}","private":true}
{"level":"error","message":"Wed Jan 01 2025 23:30:34 GMT+0530 (India Standard Time)-{}","private":true}
{"level":"error","message":"Wed Jan 01 2025 23:31:42 GMT+0530 (India Standard Time)-{}","private":true}
{"level":"error","message":"Wed Jan 01 2025 23:34:57 GMT+0530 (India Standard Time)-{}","private":true}
{"level":"error","message":"Wed Jan 01 2025 23:37:24 GMT+0530 (India Standard Time)-{}","private":true}
{"level":"error","message":"Wed Jan 01 2025 23:38:44 GMT+0530 (India Standard Time)-{}","private":true}
{"level":"error","message":"Wed Jan 01 2025 23:44:54 GMT+0530 (India Standard Time)-{\"name\":\"API Error\",\"statusCode\":500,\"isOperational\":true}","private":true}
{"level":"error","message":"Sat Jan 04 2025 11:14:32 GMT+0530 (India Standard Time)-{\"name\":\"API Error\",\"statusCode\":500,\"isOperational\":true}","private":true}
{"level":"error","message":"Sat Jan 04 2025 11:15:17 GMT+0530 (India Standard Time)-{}","private":true}
{"level":"error","message":"Sat Jan 04 2025 11:15:54 GMT+0530 (India Standard Time)-{}","private":true}
{"level":"error","message":"Sat Jan 04 2025 11:19:22 GMT+0530 (India Standard Time)-{}","private":true}
{"level":"error","message":"Sat Jan 04 2025 11:29:08 GMT+0530 (India Standard Time)-{}","private":true}
{"level":"error","message":"Sat Jan 04 2025 14:05:10 GMT+0530 (India Standard Time)-{}","private":true}
{"level":"error","message":"Sat Jan 04 2025 14:08:16 GMT+0530 (India Standard Time)-{\"name\":\"API Error\",\"statusCode\":500,\"isOperational\":true}","private":true}
{"level":"error","message":"Sat Jan 04 2025 14:09:05 GMT+0530 (India Standard Time)-{}","private":true}
{"level":"error","message":"Sat Jan 04 2025 15:08:57 GMT+0530 (India Standard Time)-{\"name\":\"Data Not found\",\"statusCode\":{},\"isOperational\":true}","private":true}
{"level":"error","message":"Sat Jan 04 2025 15:10:25 GMT+0530 (India Standard Time)-{\"name\":\"Data Not found\",\"statusCode\":{},\"isOperational\":true}","private":true}
{"level":"error","message":"Sat Jan 04 2025 15:11:27 GMT+0530 (India Standard Time)-{}","private":true}
{"level":"error","message":"Sat Jan 04 2025 15:13:44 GMT+0530 (India Standard Time)-{\"name\":\"Data Not found\",\"statusCode\":{},\"isOperational\":true}","private":true}
{"level":"error","message":"Sat Jan 04 2025 15:15:30 GMT+0530 (India Standard Time)-{\"name\":\"Data Not found\",\"statusCode\":{\"name\":\"API Error\",\"statusCode\":500,\"isOperational\":true},\"isOperational\":true}","private":true}
{"level":"error","message":"Sat Jan 04 2025 19:36:45 GMT+0530 (India Standard Time)-{\"name\":\"Data Not found\",\"statusCode\":{\"name\":\"API Error\",\"statusCode\":500,\"isOperational\":true},\"isOperational\":true}","private":true}
{"level":"error","message":"Sat Jan 04 2025 19:37:50 GMT+0530 (India Standard Time)-{\"name\":\"Data Not found\",\"statusCode\":{\"name\":\"API Error\",\"statusCode\":500,\"isOperational\":true},\"isOperational\":true}","private":true}
{"level":"error","message":"Sat Jan 04 2025 20:08:11 GMT+0530 (India Standard Time)-{\"name\":\"Data Not found\",\"statusCode\":{\"name\":\"API Error\",\"statusCode\":500,\"isOperational\":true},\"isOperational\":true}","private":true}
